<?xml version="1.0" encoding="UTF-8"?>
<!-- Generated by org.testng.reporters.JUnitXMLReporter -->
<testsuite ignored="2" hostname="Abhisheks-MacBook-Air.local" failures="1" tests="1" name="Default test(failed)" time="0.038" errors="0" timestamp="2026-06-15T00:37:58 IST">
  <testcase classname="com.ui.test.TestngTest" name="loginExcelTest" time="0.0">
    <failure type="java.lang.RuntimeException" message="org.apache.poi.EmptyFileException: The supplied file was empty (zero bytes long)">
      <![CDATA[java.lang.RuntimeException: org.apache.poi.EmptyFileException: The supplied file was empty (zero bytes long)
at java.base/java.util.ArrayList.forEach(ArrayList.java:1604)
Caused by: org.apache.poi.EmptyFileException: The supplied file was empty (zero bytes long)
at org.apache.poi.util.IOUtils.peekFirstNBytes(IOUtils.java:111)
at org.apache.poi.poifs.filesystem.FileMagic.valueOf(FileMagic.java:206)
at org.apache.poi.openxml4j.opc.internal.ZipHelper.verifyZipHeader(ZipHelper.java:144)
at org.apache.poi.openxml4j.opc.internal.ZipHelper.openZipFile(ZipHelper.java:215)
at org.apache.poi.openxml4j.opc.ZipPackage.<init>(ZipPackage.java:188)
at org.apache.poi.openxml4j.opc.OPCPackage.open(OPCPackage.java:285)
at org.apache.poi.openxml4j.opc.OPCPackage.open(OPCPackage.java:192)
at org.apache.poi.xssf.usermodel.XSSFWorkbook.<init>(XSSFWorkbook.java:334)
at com.utility.ExcelUtility.readExcelFile(ExcelUtility.java:27)
at com.ui.loginDataProvider.LoginDataProvider.excelLoginDataProvider(LoginDataProvider.java:54)
... 25 more
... Removed 30 stack frames]]>
    </failure>
  </testcase> <!-- loginExcelTest -->
  <testcase classname="com.ui.test.TestngTest" name="loginCSVTest" time="0.0">
    <ignored/>
  </testcase> <!-- loginCSVTest -->
  <testcase classname="com.ui.test.TestngTest" name="loginTest" time="0.0">
    <ignored/>
  </testcase> <!-- loginTest -->
</testsuite> <!-- Default test(failed) -->
