<?xml version="1.0" encoding="UTF-8"?>
<!-- Generated by org.testng.reporters.JUnitXMLReporter -->
<testsuite ignored="0" hostname="Abhisheks-MacBook-Air.local" failures="0" tests="3" name="Default test" time="18.97" errors="0" timestamp="2026-07-22T23:01:38 IST">
  <testcase classname="com.ui.test.loginTestWithTestBased" name="loginCSVTest" time="0.954"/>
  <testcase classname="com.ui.test.loginTestWithTestBased" name="loginTest" time="1.226"/>
  <testcase classname="com.ui.test.loginTestWithTestBased" name="loginTest" time="0.859"/>
</testsuite> <!-- Default test -->
