<?xml version="1.0" encoding="UTF-8"?>
<!-- Generated by org.testng.reporters.JUnitXMLReporter -->
<testsuite ignored="0" hostname="Abhisheks-MacBook-Air.local" failures="1" tests="2" name="UI Automation test" time="8.895" errors="0" timestamp="2026-06-30T21:50:05 IST">
  <testcase classname="com.ui.test.TestngTest" name="loginCSVTest" time="2.154"/>
  <testcase classname="com.ui.test.TestngTest" name="loginCSVTest" time="8.844">
    <failure type="java.lang.NullPointerException" message="Cannot invoke &amp;quot;com.aventstack.extentreports.ExtentTest.log(com.aventstack.extentreports.Status, String)&amp;quot; because &amp;quot;this.extentTest&amp;quot; is null">
      <![CDATA[java.lang.NullPointerException: Cannot invoke "com.aventstack.extentreports.ExtentTest.log(com.aventstack.extentreports.Status, String)" because "this.extentTest" is null
at com.ui.listeners.TestListener.onTestSuccess(TestListener.java:34)
at java.base/java.util.ArrayList.forEach(ArrayList.java:1604)
... Removed 24 stack frames]]>
    </failure>
  </testcase> <!-- loginCSVTest -->
</testsuite> <!-- UI Automation test -->
