<?xml version="1.0" encoding="UTF-8"?>
<testsuite xmlns:xsi="http://www.w3.org/2001/XMLSchema-instance" xsi:noNamespaceSchemaLocation="https://maven.apache.org/surefire/maven-surefire-plugin/xsd/surefire-test-report.xsd" version="3.0.2" name="com.ui.test.TestngTest" time="17.531" tests="3" errors="0" skipped="0" failures="0" flakes="0">
  <properties>
[...]
</properties>
  <testcase name="loginCSVTest(com.ui.pojo.User)[0]" classname="com.ui.test.TestngTest" time="0.962">
    <system-out><![CDATA[2026-08-213 13:04:48 [main] INFO com.ui.listeners.TestListener::onStart::165 Test suite Started 
[senax57658@sixoplus.com, 9876543210]
2026-08-213 13:04:48 [main] INFO com.ui.listeners.TestListener::onTestStart::99 loginCSVTest 
2026-08-213 13:04:48 [main] INFO com.ui.listeners.TestListener::onTestStart::100 Verify with valid user login into application 
2026-08-213 13:04:48 [main] INFO com.ui.listeners.TestListener::onTestStart::101 [e2e, sanity] 
2026-08-213 13:04:48 [main] INFO com.ui.listeners.TestListener::onTestSuccess::116 loginCSVTest PASSED 
2026-08-213 13:04:48 [main] INFO com.ui.listeners.TestListener::onTestStart::99 loginTest 
2026-08-213 13:04:48 [main] INFO com.ui.listeners.TestListener::onTestStart::100 Verify with valid user login into application 
2026-08-213 13:04:48 [main] INFO com.ui.listeners.TestListener::onTestStart::101 [e2e, sanity] 
/Users/abhishekkumar/Developer/Projects/ATF/config/config.json
com.ui.pojo.Environment@6c4f9535
2026-08-213 13:04:48 [main] INFO com.ui.listeners.TestListener::onTestSuccess::116 loginTest PASSED 
2026-08-213 13:04:48 [main] INFO com.ui.listeners.TestListener::onTestStart::99 loginTest 
2026-08-213 13:04:48 [main] INFO com.ui.listeners.TestListener::onTestStart::100 Verify with valid user login into application 
2026-08-213 13:04:48 [main] INFO com.ui.listeners.TestListener::onTestStart::101 [e2e, sanity] 
2026-08-213 13:04:48 [main] INFO com.ui.listeners.TestListener::onTestSuccess::116 loginTest PASSED 
2026-08-213 13:04:48 [main] INFO com.ui.listeners.TestListener::onFinish::171 Test suite Completed 
2026-08-213 13:04:48 [main] INFO com.ui.listeners.TestListener::onStart::165 Test suite Started 
[senax57658@sixoplus.com, 9876543210]
2026-08-213 13:04:48 [main] INFO com.ui.listeners.TestListener::onTestStart::99 loginCSVTest 
2026-08-213 13:04:48 [main] INFO com.ui.listeners.TestListener::onTestStart::100 Verify with valid user login into application 
2026-08-213 13:04:48 [main] INFO com.ui.listeners.TestListener::onTestStart::101 [e2e, sanity] 
2026-08-213 13:04:48 [main] INFO com.ui.listeners.TestListener::onTestSuccess::116 loginCSVTest PASSED 
2026-08-213 13:04:48 [main] INFO com.ui.listeners.TestListener::onTestStart::99 loginTest 
2026-08-213 13:04:48 [main] INFO com.ui.listeners.TestListener::onTestStart::100 Verify with valid user login into application 
2026-08-213 13:04:48 [main] INFO com.ui.listeners.TestListener::onTestStart::101 [e2e, sanity] 
2026-08-213 13:04:48 [main] INFO com.ui.listeners.TestListener::onTestSuccess::116 loginTest PASSED 
2026-08-213 13:04:48 [main] INFO com.ui.listeners.TestListener::onTestStart::99 loginTest 
2026-08-213 13:04:48 [main] INFO com.ui.listeners.TestListener::onTestStart::100 Verify with valid user login into application 
2026-08-213 13:04:48 [main] INFO com.ui.listeners.TestListener::onTestStart::101 [e2e, sanity] 
2026-08-213 13:04:48 [main] INFO com.ui.listeners.TestListener::onTestSuccess::116 loginTest PASSED 
2026-08-213 13:04:48 [main] INFO com.ui.listeners.TestListener::onFinish::171 Test suite Completed 
2026-08-213 13:04:48 [main] INFO com.ui.listeners.TestListener::onStart::165 Test suite Started 
[senax57658@sixoplus.com, 9876543210]
2026-08-213 13:04:48 [main] INFO com.ui.pages.HomePage::<init>::28 Opening chrome browser 
/Users/abhishekkumar/Developer/Projects/ATF/config/config.json
com.ui.pojo.Environment@3ed7821
2026-08-213 13:04:49 [main] INFO com.ui.pages.HomePage::goToWebsite::102 navigating to the https://automationpractice.techwithjatin.com/my-account 
2026-08-213 13:04:53 [main] INFO com.ui.pages.HomePage::maximizeWindow::107 Maxmizing the browser 
2026-08-213 13:04:53 [main] INFO com.ui.test.TestngTest::setup::23 Launching Chrome browser!! 
2026-08-213 13:04:53 [main] INFO com.ui.listeners.TestListener::onTestStart::99 loginCSVTest 
2026-08-213 13:04:53 [main] INFO com.ui.listeners.TestListener::onTestStart::100 Verify with valid user login into application 
2026-08-213 13:04:53 [main] INFO com.ui.listeners.TestListener::onTestStart::101 [e2e, sanity] 
2026-08-213 13:04:53 [main] INFO com.ui.test.TestngTest::loginCSVTest::45 Starting my Login test with CSV 
2026-08-213 13:04:53 [main] INFO com.ui.pages.HomePage::goToLoginPage::38 Navigating to the Login page! 
2026-08-213 13:04:54 [main] INFO com.ui.pages.LoginPage::login::26 Entering the email : senax57658@sixoplus.com 
2026-08-213 13:04:54 [main] INFO com.ui.pages.LoginPage::login::28 Entering the password : 9876543210 
2026-08-213 13:04:54 [main] INFO com.ui.pages.LoginPage::login::30 Click on the Submit button! 
2026-08-213 13:04:54 [main] INFO com.ui.pages.LoginPage::login::32 Navigating the Account Page!! 
2026-08-213 13:04:54 [main] INFO com.ui.test.TestngTest::loginCSVTest::48 Login CSV test completed!! 
]]></system-out>
    <system-err><![CDATA[SLF4J: Failed to load class "org.slf4j.impl.StaticLoggerBinder".
SLF4J: Defaulting to no-operation (NOP) logger implementation
SLF4J: See http://www.slf4j.org/codes.html#StaticLoggerBinder for further details.
Aug 01, 2026 1:04:49 PM org.openqa.selenium.devtools.CdpVersionFinder findNearestMatch
WARNING: Unable to find CDP implementation matching 150
Aug 01, 2026 1:04:49 PM org.openqa.selenium.chromium.ChromiumDriver lambda$new$4
WARNING: Unable to find version of CDP to use for 150.0.7871.187. You may need to include a dependency on a specific version of the CDP using something similar to `org.seleniumhq.selenium:selenium-devtools-v86:4.35.0` where the version ("v86") matches the version of the chromium-based browser you're using and the version number of the artifact is the same as Selenium's.
]]></system-err>
  </testcase>
  <testcase name="loginTest(com.ui.pojo.User)[0]" classname="com.ui.test.TestngTest" time="1.052">
    <system-out><![CDATA[2026-08-213 13:04:54 [main] INFO com.ui.listeners.TestListener::onTestSuccess::116 loginCSVTest PASSED 
2026-08-213 13:04:54 [main] INFO com.ui.pages.HomePage::quitDriver::127 Quiting the browser!! 
2026-08-213 13:04:55 [main] INFO com.ui.test.TestngTest::tearUp::63 Closing the browser!! 
2026-08-213 13:04:55 [main] INFO com.ui.pages.HomePage::<init>::28 Opening chrome browser 
/Users/abhishekkumar/Developer/Projects/ATF/config/config.json
com.ui.pojo.Environment@67064bdc
2026-08-213 13:04:55 [main] INFO com.ui.pages.HomePage::goToWebsite::102 navigating to the https://automationpractice.techwithjatin.com/my-account 
2026-08-213 13:04:58 [main] INFO com.ui.pages.HomePage::maximizeWindow::107 Maxmizing the browser 
2026-08-213 13:04:58 [main] INFO com.ui.test.TestngTest::setup::23 Launching Chrome browser!! 
2026-08-213 13:04:58 [main] INFO com.ui.listeners.TestListener::onTestStart::99 loginTest 
2026-08-213 13:04:58 [main] INFO com.ui.listeners.TestListener::onTestStart::100 Verify with valid user login into application 
2026-08-213 13:04:58 [main] INFO com.ui.listeners.TestListener::onTestStart::101 [e2e, sanity] 
2026-08-213 13:04:58 [main] INFO com.ui.test.TestngTest::loginTest::37 Starting my Login test with JSON 
2026-08-213 13:04:58 [main] INFO com.ui.pages.HomePage::goToLoginPage::38 Navigating to the Login page! 
2026-08-213 13:04:59 [main] INFO com.ui.pages.LoginPage::login::26 Entering the email : senax57658@sixoplus.com 
2026-08-213 13:04:59 [main] INFO com.ui.pages.LoginPage::login::28 Entering the password : 9876543210 
2026-08-213 13:04:59 [main] INFO com.ui.pages.LoginPage::login::30 Click on the Submit button! 
2026-08-213 13:04:59 [main] INFO com.ui.pages.LoginPage::login::32 Navigating the Account Page!! 
2026-08-213 13:04:59 [main] INFO com.ui.test.TestngTest::loginTest::39 Login JSON test completed!! 
]]></system-out>
    <system-err><![CDATA[Aug 01, 2026 1:04:55 PM org.openqa.selenium.devtools.CdpVersionFinder findNearestMatch
WARNING: Unable to find CDP implementation matching 150
Aug 01, 2026 1:04:55 PM org.openqa.selenium.chromium.ChromiumDriver lambda$new$4
WARNING: Unable to find version of CDP to use for 150.0.7871.187. You may need to include a dependency on a specific version of the CDP using something similar to `org.seleniumhq.selenium:selenium-devtools-v86:4.35.0` where the version ("v86") matches the version of the chromium-based browser you're using and the version number of the artifact is the same as Selenium's.
]]></system-err>
  </testcase>
  <testcase name="loginTest(com.ui.pojo.User)[1]" classname="com.ui.test.TestngTest" time="0.945">
    <system-out><![CDATA[2026-08-213 13:04:59 [main] INFO com.ui.listeners.TestListener::onTestSuccess::116 loginTest PASSED 
2026-08-213 13:04:59 [main] INFO com.ui.pages.HomePage::quitDriver::127 Quiting the browser!! 
2026-08-213 13:04:59 [main] INFO com.ui.test.TestngTest::tearUp::63 Closing the browser!! 
2026-08-213 13:04:59 [main] INFO com.ui.pages.HomePage::<init>::28 Opening chrome browser 
/Users/abhishekkumar/Developer/Projects/ATF/config/config.json
com.ui.pojo.Environment@67cefd84
2026-08-213 13:05:00 [main] INFO com.ui.pages.HomePage::goToWebsite::102 navigating to the https://automationpractice.techwithjatin.com/my-account 
2026-08-213 13:05:05 [main] INFO com.ui.pages.HomePage::maximizeWindow::107 Maxmizing the browser 
2026-08-213 13:05:05 [main] INFO com.ui.test.TestngTest::setup::23 Launching Chrome browser!! 
2026-08-213 13:05:05 [main] INFO com.ui.listeners.TestListener::onTestStart::99 loginTest 
2026-08-213 13:05:05 [main] INFO com.ui.listeners.TestListener::onTestStart::100 Verify with valid user login into application 
2026-08-213 13:05:05 [main] INFO com.ui.listeners.TestListener::onTestStart::101 [e2e, sanity] 
2026-08-213 13:05:05 [main] INFO com.ui.test.TestngTest::loginTest::37 Starting my Login test with JSON 
2026-08-213 13:05:05 [main] INFO com.ui.pages.HomePage::goToLoginPage::38 Navigating to the Login page! 
2026-08-213 13:05:05 [main] INFO com.ui.pages.LoginPage::login::26 Entering the email : senax57658@sixoplus.com 
2026-08-213 13:05:05 [main] INFO com.ui.pages.LoginPage::login::28 Entering the password : 9876543210 
2026-08-213 13:05:05 [main] INFO com.ui.pages.LoginPage::login::30 Click on the Submit button! 
2026-08-213 13:05:05 [main] INFO com.ui.pages.LoginPage::login::32 Navigating the Account Page!! 
2026-08-213 13:05:06 [main] INFO com.ui.test.TestngTest::loginTest::39 Login JSON test completed!! 
]]></system-out>
    <system-err><![CDATA[Aug 01, 2026 1:05:00 PM org.openqa.selenium.devtools.CdpVersionFinder findNearestMatch
WARNING: Unable to find CDP implementation matching 150
Aug 01, 2026 1:05:00 PM org.openqa.selenium.chromium.ChromiumDriver lambda$new$4
WARNING: Unable to find version of CDP to use for 150.0.7871.187. You may need to include a dependency on a specific version of the CDP using something similar to `org.seleniumhq.selenium:selenium-devtools-v86:4.35.0` where the version ("v86") matches the version of the chromium-based browser you're using and the version number of the artifact is the same as Selenium's.
]]></system-err>
  </testcase>
</testsuite>