<?xml version="1.0" encoding="UTF-8"?>
<testng-results retried="2" ignored="2" total="7" passed="0" failed="3" skipped="0">
  <reporter-output>
  </reporter-output>
  <suite started-at="2026-07-15T00:28:26 IST" name="Default suite" finished-at="2026-07-15T00:28:50 IST" duration-ms="24764">
    <groups>
      <group name="sanity">
        <method signature="loginTestWithTestBased.loginCSVTest(com.ui.pojo.User)[pri:0, instance:com.ui.test.loginTestWithTestBased@19e7a160]" name="loginCSVTest" class="com.ui.test.loginTestWithTestBased"/>
        <method signature="loginTestWithTestBased.loginTest(com.ui.pojo.User)[pri:0, instance:com.ui.test.loginTestWithTestBased@19e7a160]" name="loginTest" class="com.ui.test.loginTestWithTestBased"/>
      </group> <!-- sanity -->
      <group name="e2e">
        <method signature="loginTestWithTestBased.loginCSVTest(com.ui.pojo.User)[pri:0, instance:com.ui.test.loginTestWithTestBased@19e7a160]" name="loginCSVTest" class="com.ui.test.loginTestWithTestBased"/>
        <method signature="loginTestWithTestBased.loginTest(com.ui.pojo.User)[pri:0, instance:com.ui.test.loginTestWithTestBased@19e7a160]" name="loginTest" class="com.ui.test.loginTestWithTestBased"/>
      </group> <!-- e2e -->
    </groups>
    <test started-at="2026-07-15T00:28:26 IST" name="Default test" finished-at="2026-07-15T00:28:50 IST" duration-ms="24764">
      <class name="com.ui.test.loginTestWithTestBased">
        <test-method is-config="true" signature="setup()[pri:0, instance:com.ui.test.loginTestWithTestBased@19e7a160]" started-at="2026-07-15T00:28:26 IST" name="setup" description="Load homepage of the webside" finished-at="2026-07-15T00:28:31 IST" duration-ms="5621" status="PASS">
          <reporter-output>
          </reporter-output>
        </test-method> <!-- setup -->
        <test-method signature="loginCSVTest(com.ui.pojo.User)[pri:0, instance:com.ui.test.loginTestWithTestBased@19e7a160]" started-at="2026-07-15T00:28:31 IST" name="loginCSVTest" description="Verify with valid user login into application" data-provider="csvDataProvider" finished-at="2026-07-15T00:28:31 IST" duration-ms="1" status="FAIL">
          <params>
            <param index="0">
              <value>
                <![CDATA[User [email=senax57658@sixoplus.com, password=9876543210]]]>
              </value>
            </param>
          </params>
          <exception class="java.lang.Error">
            <message>
              <![CDATA[Unresolved compilation problem: 
This method must return a result of type ExtentTest
]]>
            </message>
            <full-stacktrace>
              <![CDATA[java.lang.Error: Unresolved compilation problem: 
This method must return a result of type ExtentTest

at com.utility.ExtendReporterUtility.createExtentTest(ExtendReporterUtility.java:17)
at com.ui.listeners.TestListener.onTestStart(TestListener.java:104)
at org.testng.internal.TestListenerHelper.runTestListeners(TestListenerHelper.java:122)
at org.testng.internal.invokers.TestInvoker.runTestResultListener(TestInvoker.java:285)
at org.testng.internal.invokers.TestInvoker.invokeMethod(TestInvoker.java:647)
at org.testng.internal.invokers.TestInvoker.invokeTestMethod(TestInvoker.java:230)
at org.testng.internal.invokers.MethodRunner.runInSequence(MethodRunner.java:63)
at org.testng.internal.invokers.TestInvoker$MethodInvocationAgent.invoke(TestInvoker.java:992)
at org.testng.internal.invokers.TestInvoker.invokeTestMethods(TestInvoker.java:203)
at org.testng.internal.invokers.TestMethodWorker.invokeTestMethods(TestMethodWorker.java:154)
at org.testng.internal.invokers.TestMethodWorker.run(TestMethodWorker.java:134)
at java.base/java.util.ArrayList.forEach(ArrayList.java:1604)
at org.testng.TestRunner.privateRun(TestRunner.java:739)
at org.testng.TestRunner.run(TestRunner.java:614)
at org.testng.SuiteRunner.runTest(SuiteRunner.java:421)
at org.testng.SuiteRunner.runSequentially(SuiteRunner.java:413)
at org.testng.SuiteRunner.privateRun(SuiteRunner.java:373)
at org.testng.SuiteRunner.run(SuiteRunner.java:312)
at org.testng.SuiteRunnerWorker.runSuite(SuiteRunnerWorker.java:52)
at org.testng.SuiteRunnerWorker.run(SuiteRunnerWorker.java:95)
at org.testng.TestNG.runSuitesSequentially(TestNG.java:1274)
at org.testng.TestNG.runSuitesLocally(TestNG.java:1208)
at org.testng.TestNG.runSuites(TestNG.java:1112)
at org.testng.TestNG.run(TestNG.java:1079)
at org.testng.remote.AbstractRemoteTestNG.run(AbstractRemoteTestNG.java:115)
at org.testng.remote.RemoteTestNG.initAndRun(RemoteTestNG.java:293)
at org.testng.remote.RemoteTestNG.main(RemoteTestNG.java:91)
]]>
            </full-stacktrace>
          </exception> <!-- java.lang.Error -->
          <reporter-output>
          </reporter-output>
        </test-method> <!-- loginCSVTest -->
        <test-method is-config="true" signature="tearUp()[pri:0, instance:com.ui.test.loginTestWithTestBased@19e7a160]" started-at="2026-07-15T00:28:31 IST" name="tearUp" description="Closing the browser." finished-at="2026-07-15T00:28:31 IST" duration-ms="86" status="PASS">
          <reporter-output>
          </reporter-output>
        </test-method> <!-- tearUp -->
        <test-method is-config="true" signature="setup()[pri:0, instance:com.ui.test.loginTestWithTestBased@19e7a160]" started-at="2026-07-15T00:28:31 IST" name="setup" description="Load homepage of the webside" finished-at="2026-07-15T00:28:36 IST" duration-ms="4243" status="PASS">
          <reporter-output>
          </reporter-output>
        </test-method> <!-- setup -->
        <test-method retried="true" signature="loginTest(com.ui.pojo.User)[pri:0, instance:com.ui.test.loginTestWithTestBased@19e7a160]" started-at="2026-07-15T00:28:36 IST" name="loginTest" description="Verify with valid user login into application" data-provider="loginDataProvider" finished-at="2026-07-15T00:28:36 IST" duration-ms="1" status="SKIP">
          <params>
            <param index="0">
              <value>
                <![CDATA[User [email=senax57658@sixoplus.com, password=9876543210]]]>
              </value>
            </param>
          </params>
          <exception class="java.lang.Error">
            <message>
              <![CDATA[Unresolved compilation problem: 
This method must return a result of type ExtentTest
]]>
            </message>
            <full-stacktrace>
              <![CDATA[java.lang.Error: Unresolved compilation problem: 
This method must return a result of type ExtentTest

at com.utility.ExtendReporterUtility.createExtentTest(ExtendReporterUtility.java:17)
at com.ui.listeners.TestListener.onTestStart(TestListener.java:104)
at org.testng.internal.TestListenerHelper.runTestListeners(TestListenerHelper.java:122)
at org.testng.internal.invokers.TestInvoker.runTestResultListener(TestInvoker.java:285)
at org.testng.internal.invokers.TestInvoker.invokeMethod(TestInvoker.java:647)
at org.testng.internal.invokers.TestInvoker.invokeTestMethod(TestInvoker.java:230)
at org.testng.internal.invokers.MethodRunner.runInSequence(MethodRunner.java:63)
at org.testng.internal.invokers.TestInvoker$MethodInvocationAgent.invoke(TestInvoker.java:992)
at org.testng.internal.invokers.TestInvoker.invokeTestMethods(TestInvoker.java:203)
at org.testng.internal.invokers.TestMethodWorker.invokeTestMethods(TestMethodWorker.java:154)
at org.testng.internal.invokers.TestMethodWorker.run(TestMethodWorker.java:134)
at java.base/java.util.ArrayList.forEach(ArrayList.java:1604)
at org.testng.TestRunner.privateRun(TestRunner.java:739)
at org.testng.TestRunner.run(TestRunner.java:614)
at org.testng.SuiteRunner.runTest(SuiteRunner.java:421)
at org.testng.SuiteRunner.runSequentially(SuiteRunner.java:413)
at org.testng.SuiteRunner.privateRun(SuiteRunner.java:373)
at org.testng.SuiteRunner.run(SuiteRunner.java:312)
at org.testng.SuiteRunnerWorker.runSuite(SuiteRunnerWorker.java:52)
at org.testng.SuiteRunnerWorker.run(SuiteRunnerWorker.java:95)
at org.testng.TestNG.runSuitesSequentially(TestNG.java:1274)
at org.testng.TestNG.runSuitesLocally(TestNG.java:1208)
at org.testng.TestNG.runSuites(TestNG.java:1112)
at org.testng.TestNG.run(TestNG.java:1079)
at org.testng.remote.AbstractRemoteTestNG.run(AbstractRemoteTestNG.java:115)
at org.testng.remote.RemoteTestNG.initAndRun(RemoteTestNG.java:293)
at org.testng.remote.RemoteTestNG.main(RemoteTestNG.java:91)
]]>
            </full-stacktrace>
          </exception> <!-- java.lang.Error -->
          <reporter-output>
          </reporter-output>
        </test-method> <!-- loginTest -->
        <test-method is-config="true" signature="tearUp()[pri:0, instance:com.ui.test.loginTestWithTestBased@19e7a160]" started-at="2026-07-15T00:28:36 IST" name="tearUp" description="Closing the browser." finished-at="2026-07-15T00:28:36 IST" duration-ms="80" status="PASS">
          <reporter-output>
          </reporter-output>
        </test-method> <!-- tearUp -->
        <test-method is-config="true" signature="setup()[pri:0, instance:com.ui.test.loginTestWithTestBased@19e7a160]" started-at="2026-07-15T00:28:36 IST" name="setup" description="Load homepage of the webside" finished-at="2026-07-15T00:28:41 IST" duration-ms="5199" status="PASS">
          <reporter-output>
          </reporter-output>
        </test-method> <!-- setup -->
        <test-method retried="true" signature="loginTest(com.ui.pojo.User)[pri:0, instance:com.ui.test.loginTestWithTestBased@19e7a160]" started-at="2026-07-15T00:28:41 IST" name="loginTest" description="Verify with valid user login into application" data-provider="loginDataProvider" finished-at="2026-07-15T00:28:41 IST" duration-ms="1" status="SKIP">
          <params>
            <param index="0">
              <value>
                <![CDATA[User [email=senax57658@sixoplus.com, password=9876543210]]]>
              </value>
            </param>
          </params>
          <exception class="java.lang.Error">
            <message>
              <![CDATA[Unresolved compilation problem: 
This method must return a result of type ExtentTest
]]>
            </message>
            <full-stacktrace>
              <![CDATA[java.lang.Error: Unresolved compilation problem: 
This method must return a result of type ExtentTest

at com.utility.ExtendReporterUtility.createExtentTest(ExtendReporterUtility.java:17)
at com.ui.listeners.TestListener.onTestStart(TestListener.java:104)
at org.testng.internal.TestListenerHelper.runTestListeners(TestListenerHelper.java:122)
at org.testng.internal.invokers.TestInvoker.runTestResultListener(TestInvoker.java:285)
at org.testng.internal.invokers.TestInvoker.invokeMethod(TestInvoker.java:647)
at org.testng.internal.invokers.TestInvoker.retryFailed(TestInvoker.java:269)
at org.testng.internal.invokers.MethodRunner.runInSequence(MethodRunner.java:76)
at org.testng.internal.invokers.TestInvoker$MethodInvocationAgent.invoke(TestInvoker.java:992)
at org.testng.internal.invokers.TestInvoker.invokeTestMethods(TestInvoker.java:203)
at org.testng.internal.invokers.TestMethodWorker.invokeTestMethods(TestMethodWorker.java:154)
at org.testng.internal.invokers.TestMethodWorker.run(TestMethodWorker.java:134)
at java.base/java.util.ArrayList.forEach(ArrayList.java:1604)
at org.testng.TestRunner.privateRun(TestRunner.java:739)
at org.testng.TestRunner.run(TestRunner.java:614)
at org.testng.SuiteRunner.runTest(SuiteRunner.java:421)
at org.testng.SuiteRunner.runSequentially(SuiteRunner.java:413)
at org.testng.SuiteRunner.privateRun(SuiteRunner.java:373)
at org.testng.SuiteRunner.run(SuiteRunner.java:312)
at org.testng.SuiteRunnerWorker.runSuite(SuiteRunnerWorker.java:52)
at org.testng.SuiteRunnerWorker.run(SuiteRunnerWorker.java:95)
at org.testng.TestNG.runSuitesSequentially(TestNG.java:1274)
at org.testng.TestNG.runSuitesLocally(TestNG.java:1208)
at org.testng.TestNG.runSuites(TestNG.java:1112)
at org.testng.TestNG.run(TestNG.java:1079)
at org.testng.remote.AbstractRemoteTestNG.run(AbstractRemoteTestNG.java:115)
at org.testng.remote.RemoteTestNG.initAndRun(RemoteTestNG.java:293)
at org.testng.remote.RemoteTestNG.main(RemoteTestNG.java:91)
]]>
            </full-stacktrace>
          </exception> <!-- java.lang.Error -->
          <reporter-output>
          </reporter-output>
        </test-method> <!-- loginTest -->
        <test-method is-config="true" signature="tearUp()[pri:0, instance:com.ui.test.loginTestWithTestBased@19e7a160]" started-at="2026-07-15T00:28:41 IST" name="tearUp" description="Closing the browser." finished-at="2026-07-15T00:28:41 IST" duration-ms="83" status="PASS">
          <reporter-output>
          </reporter-output>
        </test-method> <!-- tearUp -->
        <test-method is-config="true" signature="setup()[pri:0, instance:com.ui.test.loginTestWithTestBased@19e7a160]" started-at="2026-07-15T00:28:41 IST" name="setup" description="Load homepage of the webside" finished-at="2026-07-15T00:28:46 IST" duration-ms="5128" status="PASS">
          <reporter-output>
          </reporter-output>
        </test-method> <!-- setup -->
        <test-method signature="loginTest(com.ui.pojo.User)[pri:0, instance:com.ui.test.loginTestWithTestBased@19e7a160]" started-at="2026-07-15T00:28:46 IST" name="loginTest" description="Verify with valid user login into application" data-provider="loginDataProvider" finished-at="2026-07-15T00:28:46 IST" duration-ms="0" status="FAIL">
          <params>
            <param index="0">
              <value>
                <![CDATA[User [email=senax57658@sixoplus.com, password=9876543210]]]>
              </value>
            </param>
          </params>
          <exception class="java.lang.Error">
            <message>
              <![CDATA[Unresolved compilation problem: 
This method must return a result of type ExtentTest
]]>
            </message>
            <full-stacktrace>
              <![CDATA[java.lang.Error: Unresolved compilation problem: 
This method must return a result of type ExtentTest

at com.utility.ExtendReporterUtility.createExtentTest(ExtendReporterUtility.java:17)
at com.ui.listeners.TestListener.onTestStart(TestListener.java:104)
at org.testng.internal.TestListenerHelper.runTestListeners(TestListenerHelper.java:122)
at org.testng.internal.invokers.TestInvoker.runTestResultListener(TestInvoker.java:285)
at org.testng.internal.invokers.TestInvoker.invokeMethod(TestInvoker.java:647)
at org.testng.internal.invokers.TestInvoker.retryFailed(TestInvoker.java:269)
at org.testng.internal.invokers.MethodRunner.runInSequence(MethodRunner.java:76)
at org.testng.internal.invokers.TestInvoker$MethodInvocationAgent.invoke(TestInvoker.java:992)
at org.testng.internal.invokers.TestInvoker.invokeTestMethods(TestInvoker.java:203)
at org.testng.internal.invokers.TestMethodWorker.invokeTestMethods(TestMethodWorker.java:154)
at org.testng.internal.invokers.TestMethodWorker.run(TestMethodWorker.java:134)
at java.base/java.util.ArrayList.forEach(ArrayList.java:1604)
at org.testng.TestRunner.privateRun(TestRunner.java:739)
at org.testng.TestRunner.run(TestRunner.java:614)
at org.testng.SuiteRunner.runTest(SuiteRunner.java:421)
at org.testng.SuiteRunner.runSequentially(SuiteRunner.java:413)
at org.testng.SuiteRunner.privateRun(SuiteRunner.java:373)
at org.testng.SuiteRunner.run(SuiteRunner.java:312)
at org.testng.SuiteRunnerWorker.runSuite(SuiteRunnerWorker.java:52)
at org.testng.SuiteRunnerWorker.run(SuiteRunnerWorker.java:95)
at org.testng.TestNG.runSuitesSequentially(TestNG.java:1274)
at org.testng.TestNG.runSuitesLocally(TestNG.java:1208)
at org.testng.TestNG.runSuites(TestNG.java:1112)
at org.testng.TestNG.run(TestNG.java:1079)
at org.testng.remote.AbstractRemoteTestNG.run(AbstractRemoteTestNG.java:115)
at org.testng.remote.RemoteTestNG.initAndRun(RemoteTestNG.java:293)
at org.testng.remote.RemoteTestNG.main(RemoteTestNG.java:91)
]]>
            </full-stacktrace>
          </exception> <!-- java.lang.Error -->
          <reporter-output>
          </reporter-output>
        </test-method> <!-- loginTest -->
        <test-method is-config="true" signature="tearUp()[pri:0, instance:com.ui.test.loginTestWithTestBased@19e7a160]" started-at="2026-07-15T00:28:46 IST" name="tearUp" description="Closing the browser." finished-at="2026-07-15T00:28:46 IST" duration-ms="78" status="PASS">
          <reporter-output>
          </reporter-output>
        </test-method> <!-- tearUp -->
        <test-method is-config="true" signature="setup()[pri:0, instance:com.ui.test.loginTestWithTestBased@19e7a160]" started-at="2026-07-15T00:28:46 IST" name="setup" description="Load homepage of the webside" finished-at="2026-07-15T00:28:50 IST" duration-ms="4078" status="PASS">
          <reporter-output>
          </reporter-output>
        </test-method> <!-- setup -->
        <test-method signature="loginTest(com.ui.pojo.User)[pri:0, instance:com.ui.test.loginTestWithTestBased@19e7a160]" started-at="2026-07-15T00:28:50 IST" name="loginTest" description="Verify with valid user login into application" data-provider="loginDataProvider" finished-at="2026-07-15T00:28:50 IST" duration-ms="1" status="FAIL">
          <params>
            <param index="0">
              <value>
                <![CDATA[User [email=senax57658@sixoplus.com, password=9876543210]]]>
              </value>
            </param>
          </params>
          <exception class="java.lang.Error">
            <message>
              <![CDATA[Unresolved compilation problem: 
This method must return a result of type ExtentTest
]]>
            </message>
            <full-stacktrace>
              <![CDATA[java.lang.Error: Unresolved compilation problem: 
This method must return a result of type ExtentTest

at com.utility.ExtendReporterUtility.createExtentTest(ExtendReporterUtility.java:17)
at com.ui.listeners.TestListener.onTestStart(TestListener.java:104)
at org.testng.internal.TestListenerHelper.runTestListeners(TestListenerHelper.java:122)
at org.testng.internal.invokers.TestInvoker.runTestResultListener(TestInvoker.java:285)
at org.testng.internal.invokers.TestInvoker.invokeMethod(TestInvoker.java:647)
at org.testng.internal.invokers.TestInvoker.invokeTestMethod(TestInvoker.java:230)
at org.testng.internal.invokers.MethodRunner.runInSequence(MethodRunner.java:63)
at org.testng.internal.invokers.TestInvoker$MethodInvocationAgent.invoke(TestInvoker.java:992)
at org.testng.internal.invokers.TestInvoker.invokeTestMethods(TestInvoker.java:203)
at org.testng.internal.invokers.TestMethodWorker.invokeTestMethods(TestMethodWorker.java:154)
at org.testng.internal.invokers.TestMethodWorker.run(TestMethodWorker.java:134)
at java.base/java.util.ArrayList.forEach(ArrayList.java:1604)
at org.testng.TestRunner.privateRun(TestRunner.java:739)
at org.testng.TestRunner.run(TestRunner.java:614)
at org.testng.SuiteRunner.runTest(SuiteRunner.java:421)
at org.testng.SuiteRunner.runSequentially(SuiteRunner.java:413)
at org.testng.SuiteRunner.privateRun(SuiteRunner.java:373)
at org.testng.SuiteRunner.run(SuiteRunner.java:312)
at org.testng.SuiteRunnerWorker.runSuite(SuiteRunnerWorker.java:52)
at org.testng.SuiteRunnerWorker.run(SuiteRunnerWorker.java:95)
at org.testng.TestNG.runSuitesSequentially(TestNG.java:1274)
at org.testng.TestNG.runSuitesLocally(TestNG.java:1208)
at org.testng.TestNG.runSuites(TestNG.java:1112)
at org.testng.TestNG.run(TestNG.java:1079)
at org.testng.remote.AbstractRemoteTestNG.run(AbstractRemoteTestNG.java:115)
at org.testng.remote.RemoteTestNG.initAndRun(RemoteTestNG.java:293)
at org.testng.remote.RemoteTestNG.main(RemoteTestNG.java:91)
]]>
            </full-stacktrace>
          </exception> <!-- java.lang.Error -->
          <reporter-output>
          </reporter-output>
        </test-method> <!-- loginTest -->
        <test-method is-config="true" signature="tearUp()[pri:0, instance:com.ui.test.loginTestWithTestBased@19e7a160]" started-at="2026-07-15T00:28:50 IST" name="tearUp" description="Closing the browser." finished-at="2026-07-15T00:28:50 IST" duration-ms="80" status="PASS">
          <reporter-output>
          </reporter-output>
        </test-method> <!-- tearUp -->
      </class> <!-- com.ui.test.loginTestWithTestBased -->
    </test> <!-- Default test -->
  </suite> <!-- Default suite -->
</testng-results>
