<?xml version="1.0" encoding="UTF-8"?>
<!-- Generated by org.testng.reporters.JUnitReportReporter -->
<testsuite hostname="Abhisheks-MacBook-Air.local" failures="0" tests="3" name="com.ui.test.TestngTest" time="20.837" errors="0" timestamp="2026-08-01T23:29:24 IST" skipped="0">
  <testcase classname="com.ui.test.TestngTest" name="loginTest" time="10.078"/>
  <testcase classname="com.ui.test.TestngTest" name="loginCSVTest" time="5.321"/>
  <testcase classname="com.ui.test.TestngTest" name="loginTest" time="5.438"/>
</testsuite> <!-- com.ui.test.TestngTest -->
