<?xml version="1.0" encoding="UTF-8"?>
<!-- Generated by org.testng.reporters.JUnitReportReporter -->
<testsuite hostname="Abhisheks-MacBook-Air.local" failures="0" tests="3" name="com.ui.test.loginTestWithTestBased" time="18.895" errors="0" timestamp="2026-07-22T23:01:38 IST" skipped="0">
  <testcase classname="com.ui.test.loginTestWithTestBased" name="loginCSVTest" time="7.362"/>
  <testcase classname="com.ui.test.loginTestWithTestBased" name="loginTest" time="5.411"/>
  <testcase classname="com.ui.test.loginTestWithTestBased" name="loginTest" time="6.122"/>
</testsuite> <!-- com.ui.test.loginTestWithTestBased -->
