<?xml version="1.0" encoding="UTF-8"?>
<!-- Generated by org.testng.reporters.JUnitReportReporter -->
<testsuite hostname="Abhisheks-MacBook-Air.local" failures="0" tests="5" name="com.ui.test.loginTestWithTestBased" time="95.506" errors="1" timestamp="2026-08-01T23:44:43 IST" skipped="2">
  <testcase classname="com.ui.test.loginTestWithTestBased" name="loginTest" time="21.861"/>
  <testcase classname="com.ui.test.loginTestWithTestBased" name="loginTest" time="21.295">
    <error message="no such element: Unable to locate element: {&quot;method&quot;:&quot;xpath&quot;,&quot;selector&quot;:&quot;//*[@title=&#039;View my customer account&#039;]/span&quot;}
  (Session info: chrome=150.0.7871.115)
For documentation on this error, please visit: https://www.selenium.dev/documentation/webdriver/troubleshooting/errors#no-such-element-exception
Build info: version: &#039;4.35.0&#039;, revision: &#039;1c58e5028b&#039;
System info: os.name: &#039;Mac OS X&#039;, os.arch: &#039;aarch64&#039;, os.version: &#039;26.5.2&#039;, java.version: &#039;24.0.2&#039;
Driver info: org.openqa.selenium.remote.RemoteWebDriver
Command: [a3f7fa5f71721926953288ec87ef6ab5, findElement {using=xpath, value=//*[@title=&#039;View my customer account&#039;]/span}]
Capabilities {acceptInsecureCerts: false, browserName: chrome, browserVersion: 150.0.7871.115, chrome: {chromedriverVersion: 150.0.7871.115 (25f5b661e5b..., userDataDir: C:\Program Files (x86)\scop...}, fedcm:accounts: true, goog:chromeOptions: {debuggerAddress: localhost:9225}, goog:processID: 4276, networkConnectionEnabled: false, pageLoadStrategy: normal, platformName: Windows XP, proxy: Proxy(), se:bidiEnabled: false, se:cdp: wss://cdp-mumbai.lambdatest..., se:cdpVersion: 150.0.7871.115, setWindowRect: true, strictFileInteractability: false, timeouts: {implicit: 0, pageLoad: 300000, script: 30000}, unhandledPromptBehavior: dismiss and notify, webauthn:extension:credBlob: true, webauthn:extension:largeBlob: true, webauthn:extension:minPinLength: true, webauthn:extension:prf: true, webauthn:virtualAuthenticators: true}
Session ID: a3f7fa5f71721926953288ec87ef6ab5" type="org.openqa.selenium.NoSuchElementException">
      <![CDATA[org.openqa.selenium.NoSuchElementException: no such element: Unable to locate element: {"method":"xpath","selector":"//*[@title='View my customer account']/span"}
  (Session info: chrome=150.0.7871.115)
For documentation on this error, please visit: https://www.selenium.dev/documentation/webdriver/troubleshooting/errors#no-such-element-exception
Build info: version: '4.35.0', revision: '1c58e5028b'
System info: os.name: 'Mac OS X', os.arch: 'aarch64', os.version: '26.5.2', java.version: '24.0.2'
Driver info: org.openqa.selenium.remote.RemoteWebDriver
Command: [a3f7fa5f71721926953288ec87ef6ab5, findElement {using=xpath, value=//*[@title='View my customer account']/span}]
Capabilities {acceptInsecureCerts: false, browserName: chrome, browserVersion: 150.0.7871.115, chrome: {chromedriverVersion: 150.0.7871.115 (25f5b661e5b..., userDataDir: C:\Program Files (x86)\scop...}, fedcm:accounts: true, goog:chromeOptions: {debuggerAddress: localhost:9225}, goog:processID: 4276, networkConnectionEnabled: false, pageLoadStrategy: normal, platformName: Windows XP, proxy: Proxy(), se:bidiEnabled: false, se:cdp: wss://cdp-mumbai.lambdatest..., se:cdpVersion: 150.0.7871.115, setWindowRect: true, strictFileInteractability: false, timeouts: {implicit: 0, pageLoad: 300000, script: 30000}, unhandledPromptBehavior: dismiss and notify, webauthn:extension:credBlob: true, webauthn:extension:largeBlob: true, webauthn:extension:minPinLength: true, webauthn:extension:prf: true, webauthn:virtualAuthenticators: true}
Session ID: a3f7fa5f71721926953288ec87ef6ab5
at java.base/jdk.internal.reflect.DirectConstructorHandleAccessor.newInstance(DirectConstructorHandleAccessor.java:62)
at java.base/java.lang.reflect.Constructor.newInstanceWithCaller(Constructor.java:499)
at java.base/java.lang.reflect.Constructor.newInstance(Constructor.java:483)
at org.openqa.selenium.remote.ErrorCodec.decode(ErrorCodec.java:167)
at org.openqa.selenium.remote.codec.w3c.W3CHttpResponseCodec.decode(W3CHttpResponseCodec.java:138)
at org.openqa.selenium.remote.codec.w3c.W3CHttpResponseCodec.decode(W3CHttpResponseCodec.java:50)
at org.openqa.selenium.remote.HttpCommandExecutor.execute(HttpCommandExecutor.java:215)
at org.openqa.selenium.remote.TracedCommandExecutor.execute(TracedCommandExecutor.java:53)
at org.openqa.selenium.remote.RemoteWebDriver.execute(RemoteWebDriver.java:557)
at org.openqa.selenium.remote.ElementLocation$ElementFinder$2.findElement(ElementLocation.java:165)
at org.openqa.selenium.remote.ElementLocation.findElement(ElementLocation.java:59)
at org.openqa.selenium.remote.RemoteWebDriver.findElement(RemoteWebDriver.java:380)
at org.openqa.selenium.remote.RemoteWebDriver.findElement(RemoteWebDriver.java:374)
at com.utility.BrowserUtility.getVisibleText(BrowserUtility.java:121)
at com.ui.pages.MyAccountPage.getUserName(MyAccountPage.java:19)
at com.ui.test.loginTestWithTestBased.loginTest(loginTestWithTestBased.java:28)
at java.base/jdk.internal.reflect.DirectMethodHandleAccessor.invoke(DirectMethodHandleAccessor.java:104)
at java.base/java.lang.reflect.Method.invoke(Method.java:565)
at org.testng.internal.invokers.MethodInvocationHelper.invokeMethod(MethodInvocationHelper.java:141)
at org.testng.internal.invokers.TestInvoker.invokeMethod(TestInvoker.java:686)
at org.testng.internal.invokers.TestInvoker.retryFailed(TestInvoker.java:269)
at org.testng.internal.invokers.MethodRunner.runInSequence(MethodRunner.java:76)
at org.testng.internal.invokers.TestInvoker$MethodInvocationAgent.invoke(TestInvoker.java:992)
at org.testng.internal.invokers.TestInvoker.invokeTestMethods(TestInvoker.java:203)
at org.testng.internal.invokers.TestMethodWorker.invokeTestMethods(TestMethodWorker.java:154)
at org.testng.internal.invokers.TestMethodWorker.run(TestMethodWorker.java:134)
at java.base/java.util.ArrayList.forEach(ArrayList.java:1604)
at org.testng.TestRunner.privateRun(TestRunner.java:739)
at org.testng.TestRunner.run(TestRunner.java:614)
at org.testng.SuiteRunner.runTest(SuiteRunner.java:421)
at org.testng.SuiteRunner.runSequentially(SuiteRunner.java:413)
at org.testng.SuiteRunner.privateRun(SuiteRunner.java:373)
at org.testng.SuiteRunner.run(SuiteRunner.java:312)
at org.testng.SuiteRunnerWorker.runSuite(SuiteRunnerWorker.java:52)
at org.testng.SuiteRunnerWorker.run(SuiteRunnerWorker.java:95)
at org.testng.TestNG.runSuitesSequentially(TestNG.java:1274)
at org.testng.TestNG.runSuitesLocally(TestNG.java:1208)
at org.testng.TestNG.runSuites(TestNG.java:1112)
at org.testng.TestNG.run(TestNG.java:1079)
at org.testng.remote.AbstractRemoteTestNG.run(AbstractRemoteTestNG.java:115)
at org.testng.remote.RemoteTestNG.initAndRun(RemoteTestNG.java:293)
at org.testng.remote.RemoteTestNG.main(RemoteTestNG.java:91)
]]>
    </error>
  </testcase> <!-- loginTest -->
  <testcase classname="com.ui.test.loginTestWithTestBased" name="loginTest" time="16.005">
    <skipped/>
  </testcase> <!-- loginTest -->
  <testcase classname="com.ui.test.loginTestWithTestBased" name="loginTest" time="20.847">
    <skipped/>
  </testcase> <!-- loginTest -->
  <testcase classname="com.ui.test.loginTestWithTestBased" name="loginCSVTest" time="15.498"/>
</testsuite> <!-- com.ui.test.loginTestWithTestBased -->
