<?xml version="1.0" encoding="UTF-8"?>
<!-- Generated by org.testng.reporters.JUnitReportReporter -->
<testsuite hostname="Abhisheks-MacBook-Air.local" failures="0" tests="3" name="com.ui.test.TestngTest" time="17.091" errors="0" timestamp="2026-07-29T20:54:28 IST" skipped="0">
  <testcase classname="com.ui.test.TestngTest" name="loginTest" time="5.409"/>
  <testcase classname="com.ui.test.TestngTest" name="loginTest" time="5.085"/>
  <testcase classname="com.ui.test.TestngTest" name="loginCSVTest" time="6.597"/>
</testsuite> <!-- com.ui.test.TestngTest -->
